Using pre-set license
Built from '2021.3/staging' branch; Version is '2021.3.8f1 (b30333d56e81) revision 11731763'; Using compiler version '192829333'; Build Type 'Release'
OS: 'Windows 10  (10.0.19045) 64bit Core' Language: 'ko' Physical Memory: 8067 MB
BatchMode: 1, IsHumanControllingUs: 0, StartBugReporterOnCrash: 0, Is64bit: 1, IsPro: 1

COMMAND LINE ARGUMENTS:
C:\Program Files\Unity\Hub\Editor\2021.3.8f1\Editor\Unity.exe
-adb2
-batchMode
-noUpm
-name
AssetImportWorker1
-projectPath
D:/hub/Unity/Project_MS/MonsterSwarm
-logFile
Logs/AssetImportWorker1.log
-srvPort
55207
Successfully changed project path to: D:/hub/Unity/Project_MS/MonsterSwarm
D:/hub/Unity/Project_MS/MonsterSwarm
[UnityMemory] Configuration Parameters - Can be set up in boot.config
    "memorysetup-bucket-allocator-granularity=16"
    "memorysetup-bucket-allocator-bucket-count=8"
    "memorysetup-bucket-allocator-block-size=33554432"
    "memorysetup-bucket-allocator-block-count=8"
    "memorysetup-main-allocator-block-size=16777216"
    "memorysetup-thread-allocator-block-size=16777216"
    "memorysetup-gfx-main-allocator-block-size=16777216"
    "memorysetup-gfx-thread-allocator-block-size=16777216"
    "memorysetup-cache-allocator-block-size=4194304"
    "memorysetup-typetree-allocator-block-size=2097152"
    "memorysetup-profiler-bucket-allocator-granularity=16"
    "memorysetup-profiler-bucket-allocator-bucket-count=8"
    "memorysetup-profiler-bucket-allocator-block-size=33554432"
    "memorysetup-profiler-bucket-allocator-block-count=8"
    "memorysetup-profiler-allocator-block-size=16777216"
    "memorysetup-profiler-editor-allocator-block-size=1048576"
    "memorysetup-temp-allocator-size-main=16777216"
    "memorysetup-job-temp-allocator-block-size=2097152"
    "memorysetup-job-temp-allocator-block-size-background=1048576"
    "memorysetup-job-temp-allocator-reduction-small-platforms=262144"
    "memorysetup-temp-allocator-size-background-worker=32768"
    "memorysetup-temp-allocator-size-job-worker=262144"
    "memorysetup-temp-allocator-size-preload-manager=33554432"
    "memorysetup-temp-allocator-size-nav-mesh-worker=65536"
    "memorysetup-temp-allocator-size-audio-worker=65536"
    "memorysetup-temp-allocator-size-cloud-worker=32768"
    "memorysetup-temp-allocator-size-gi-baking-worker=262144"
    "memorysetup-temp-allocator-size-gfx=262144"
Refreshing native plugins compatible for Editor in 143.98 ms, found 3 plugins.
Preloading 0 native plugins for Editor in 0.00 ms.
Initialize engine version: 2021.3.8f1 (b30333d56e81)
[Subsystems] Discovering subsystems at path C:/Program Files/Unity/Hub/Editor/2021.3.8f1/Editor/Data/Resources/UnitySubsystems
[Subsystems] Discovering subsystems at path D:/hub/Unity/Project_MS/MonsterSwarm/Assets
GfxDevice: creating device client; threaded=0; jobified=0
Direct3D:
    Version:  Direct3D 11.0 [level 11.1]
    Renderer: NVIDIA GeForce GTX 1050 Ti (ID=0x1c8c)
    Vendor:   NVIDIA
    VRAM:     4019 MB
    Driver:   31.0.15.2849
Initialize mono
Mono path[0] = 'C:/Program Files/Unity/Hub/Editor/2021.3.8f1/Editor/Data/Managed'
Mono path[1] = 'C:/Program Files/Unity/Hub/Editor/2021.3.8f1/Editor/Data/MonoBleedingEdge/lib/mono/unityjit-win32'
Mono config path = 'C:/Program Files/Unity/Hub/Editor/2021.3.8f1/Editor/Data/MonoBleedingEdge/etc'
Using monoOptions --debugger-agent=transport=dt_socket,embedding=1,server=y,suspend=n,address=127.0.0.1:56588
Begin MonoManager ReloadAssembly
Registering precompiled unity dll's ...
Register platform support module: C:/Program Files/Unity/Hub/Editor/2021.3.8f1/Editor/Data/PlaybackEngines/AndroidPlayer/UnityEditor.Android.Extensions.dll
Register platform support module: C:/Program Files/Unity/Hub/Editor/2021.3.8f1/Editor/Data/PlaybackEngines/WindowsStandaloneSupport/UnityEditor.WindowsStandalone.Extensions.dll
Registered in 0.026901 seconds.
Native extension for WindowsStandalone target not found
Native extension for Android target not found
Refreshing native plugins compatible for Editor in 114.54 ms, found 3 plugins.
Preloading 0 native plugins for Editor in 0.00 ms.
Mono: successfully reloaded assembly
- Completed reload, in  1.228 seconds
Domain Reload Profiling:
	ReloadAssembly (1229ms)
		BeginReloadAssembly (238ms)
			ExecutionOrderSort (0ms)
			DisableScriptedObjects (0ms)
			BackupInstance (0ms)
			ReleaseScriptingObjects (0ms)
			CreateAndSetChildDomain (2ms)
		EndReloadAssembly (771ms)
			LoadAssemblies (230ms)
			RebuildTransferFunctionScriptingTraits (0ms)
			SetupTypeCache (174ms)
			ReleaseScriptCaches (0ms)
			RebuildScriptCaches (46ms)
			SetupLoadedEditorAssemblies (474ms)
				LogAssemblyErrors (0ms)
				InitializePlatformSupportModulesInManaged (101ms)
				SetLoadedEditorAssemblies (0ms)
				RefreshPlugins (115ms)
				BeforeProcessingInitializeOnLoad (2ms)
				ProcessInitializeOnLoadAttributes (168ms)
				ProcessInitializeOnLoadMethodAttributes (88ms)
				AfterProcessingInitializeOnLoad (0ms)
				EditorAssembliesLoaded (0ms)
			ExecutionOrderSort2 (0ms)
			AwakeInstancesAfterBackupRestoration (0ms)
Platform modules already initialized, skipping
Registering precompiled user dll's ...
Registered in 0.102109 seconds.
Begin MonoManager ReloadAssembly
Symbol file LoadedFromMemory doesn't match image D:\hub\Unity\Project_MS\MonsterSwarm\Library\PackageCache\com.unity.visualscripting@1.7.8\Editor\VisualScripting.Core\Dependencies\YamlDotNet\Unity.VisualScripting.YamlDotNet.dll
Symbol file LoadedFromMemory doesn't match image D:\hub\Unity\Project_MS\MonsterSwarm\Library\PackageCache\com.unity.visualscripting@1.7.8\Editor\VisualScripting.Core\Dependencies\DotNetZip\Unity.VisualScripting.IonicZip.dll
Native extension for WindowsStandalone target not found
Native extension for Android target not found
Refreshing native plugins compatible for Editor in 0.78 ms, found 3 plugins.
Preloading 0 native plugins for Editor in 0.00 ms.
Mono: successfully reloaded assembly
- Completed reload, in  2.144 seconds
Domain Reload Profiling:
	ReloadAssembly (2145ms)
		BeginReloadAssembly (352ms)
			ExecutionOrderSort (0ms)
			DisableScriptedObjects (8ms)
			BackupInstance (0ms)
			ReleaseScriptingObjects (0ms)
			CreateAndSetChildDomain (149ms)
		EndReloadAssembly (1548ms)
			LoadAssemblies (216ms)
			RebuildTransferFunctionScriptingTraits (0ms)
			SetupTypeCache (530ms)
			ReleaseScriptCaches (2ms)
			RebuildScriptCaches (90ms)
			SetupLoadedEditorAssemblies (653ms)
				LogAssemblyErrors (0ms)
				InitializePlatformSupportModulesInManaged (41ms)
				SetLoadedEditorAssemblies (1ms)
				RefreshPlugins (1ms)
				BeforeProcessingInitializeOnLoad (152ms)
				ProcessInitializeOnLoadAttributes (377ms)
				ProcessInitializeOnLoadMethodAttributes (48ms)
				AfterProcessingInitializeOnLoad (33ms)
				EditorAssembliesLoaded (0ms)
			ExecutionOrderSort2 (0ms)
			AwakeInstancesAfterBackupRestoration (25ms)
Platform modules already initialized, skipping
========================================================================
Worker process is ready to serve import requests
Launched and connected shader compiler UnityShaderCompiler.exe after 0.13 seconds
Refreshing native plugins compatible for Editor in 1.31 ms, found 3 plugins.
Preloading 0 native plugins for Editor in 0.00 ms.
Unloading 3378 Unused Serialized files (Serialized files now loaded: 0)
Unloading 25 unused Assets / (55.9 KB). Loaded Objects now: 3841.
Memory consumption went from 121.8 MB to 121.8 MB.
Total: 7.166500 ms (FindLiveObjects: 0.525100 ms CreateObjectMapping: 0.970600 ms MarkObjects: 5.513600 ms  DeleteObjects: 0.155700 ms)

AssetImportParameters requested are different than current active one (requested -> active):
  custom:video-decoder-ogg-theora: a1e56fd34408186e4bbccfd4996cb3dc -> 
  custom:container-muxer-webm: aa71ff27fc2769a1b78a27578f13a17b -> 
  custom:container-demuxer-webm: 4f35f7cbe854078d1ac9338744f61a02 -> 
  custom:video-encoder-webm-vp8: eb34c28f22e8b96e1ab97ce403110664 -> 
  custom:audio-encoder-webm-vorbis: bf7c407c2cedff20999df2af8eb42d56 -> 
  custom:framework-win-MediaFoundation: 216162199b28c13a410421893ffa2e32 -> 
  custom:container-demuxer-ogg: 62fdf1f143b41e24485cea50d1cbac27 -> 
  custom:video-decoder-webm-vp8: 9c59270c3fd7afecdb556c50c9e8de78 -> 
  custom:audio-decoder-ogg-vorbis: bf7c407c2cedff20999df2af8eb42d56 -> 
========================================================================
Received Import Request.
  Time since last request: 7973.715131 seconds.
  path: Assets/WizardPolyArt/Animations/Attack02Start.fbx
  artifactKey: Guid(7fdb60c8dc5c5ed429ede0d591bce079) Importer(815301076,1909f56bfc062723c751e8b465ee728b)
Start importing Assets/WizardPolyArt/Animations/Attack02Start.fbx using Guid(7fdb60c8dc5c5ed429ede0d591bce079) Importer(815301076,1909f56bfc062723c751e8b465ee728b)  -> (artifact id: '037e8104884fa5effe4e4568807cd6fa') in 0.386522 seconds 
========================================================================
Received Import Request.
  Time since last request: 0.000029 seconds.
  path: Assets/WizardPolyArt/Animations/VictoryStart.fbx
  artifactKey: Guid(308b48c15b0fc8d4a83d4703f4dbeb3f) Importer(815301076,1909f56bfc062723c751e8b465ee728b)
Start importing Assets/WizardPolyArt/Animations/VictoryStart.fbx using Guid(308b48c15b0fc8d4a83d4703f4dbeb3f) Importer(815301076,1909f56bfc062723c751e8b465ee728b)  -> (artifact id: '511e96a81a3ffa30cc0d267eb431d74c') in 0.049930 seconds 
========================================================================
Received Import Request.
  Time since last request: 0.000044 seconds.
  path: Assets/WizardPolyArt/Animations/Attack03Maintain.fbx
  artifactKey: Guid(84360086255e9b24eb56fb310a84754e) Importer(815301076,1909f56bfc062723c751e8b465ee728b)
Start importing Assets/WizardPolyArt/Animations/Attack03Maintain.fbx using Guid(84360086255e9b24eb56fb310a84754e) Importer(815301076,1909f56bfc062723c751e8b465ee728b)  -> (artifact id: 'aa4a8348c46d22be63a3cc1bd68800d6') in 0.050108 seconds 
========================================================================
Received Import Request.
  Time since last request: 0.000021 seconds.
  path: Assets/WizardPolyArt/Animations/Attack03Start.fbx
  artifactKey: Guid(4fce6296ed4db2c49b2b02fb8c9bea7d) Importer(815301076,1909f56bfc062723c751e8b465ee728b)
Start importing Assets/WizardPolyArt/Animations/Attack03Start.fbx using Guid(4fce6296ed4db2c49b2b02fb8c9bea7d) Importer(815301076,1909f56bfc062723c751e8b465ee728b)  -> (artifact id: 'bd57bf31dd6ec48e04afe4d38d22ad13') in 0.047477 seconds 
========================================================================
Received Import Request.
  Time since last request: 0.000020 seconds.
  path: Assets/WizardPolyArt/Animations/Idle01.fbx
  artifactKey: Guid(c24d7c58cefa37a4a84ebd75f98bcfc7) Importer(815301076,1909f56bfc062723c751e8b465ee728b)
Start importing Assets/WizardPolyArt/Animations/Idle01.fbx using Guid(c24d7c58cefa37a4a84ebd75f98bcfc7) Importer(815301076,1909f56bfc062723c751e8b465ee728b)  -> (artifact id: '9c1e03584abfa078879d3ae8667b5d34') in 0.046933 seconds 
========================================================================
Received Import Request.
  Time since last request: 0.000208 seconds.
  path: Assets/WizardPolyArt/Animations/WalkForward.fbx
  artifactKey: Guid(8254954c6c0cf98469be07a2c0a87db8) Importer(815301076,1909f56bfc062723c751e8b465ee728b)
Start importing Assets/WizardPolyArt/Animations/WalkForward.fbx using Guid(8254954c6c0cf98469be07a2c0a87db8) Importer(815301076,1909f56bfc062723c751e8b465ee728b)  -> (artifact id: 'dc677e1c8ca634efc01373432ccc56eb') in 0.049078 seconds 
========================================================================
Received Import Request.
  Time since last request: 0.000032 seconds.
  path: Assets/WizardPolyArt/Animations/JumpEnd.fbx
  artifactKey: Guid(a89727a6c7e9e224f9079feba5ba3ace) Importer(815301076,1909f56bfc062723c751e8b465ee728b)
Start importing Assets/WizardPolyArt/Animations/JumpEnd.fbx using Guid(a89727a6c7e9e224f9079feba5ba3ace) Importer(815301076,1909f56bfc062723c751e8b465ee728b)  -> (artifact id: '4eda4f41ed201c56dfd05be85a2b9bc8') in 0.051542 seconds 
========================================================================
Received Import Request.
  Time since last request: 0.000032 seconds.
  path: Assets/WizardPolyArt/Animations/BattleWalkRight.fbx
  artifactKey: Guid(034514e1d437a2d4dade1cdf55367352) Importer(815301076,1909f56bfc062723c751e8b465ee728b)
Start importing Assets/WizardPolyArt/Animations/BattleWalkRight.fbx using Guid(034514e1d437a2d4dade1cdf55367352) Importer(815301076,1909f56bfc062723c751e8b465ee728b)  -> (artifact id: 'fe7bc61e52d5b76e40b1dde400486a79') in 0.049614 seconds 
========================================================================
Received Import Request.
  Time since last request: 0.000020 seconds.
  path: Assets/WizardPolyArt/Animations/PickUp.fbx
  artifactKey: Guid(9cf799ef67aa99a48bfffcb222ef873f) Importer(815301076,1909f56bfc062723c751e8b465ee728b)
Start importing Assets/WizardPolyArt/Animations/PickUp.fbx using Guid(9cf799ef67aa99a48bfffcb222ef873f) Importer(815301076,1909f56bfc062723c751e8b465ee728b)  -> (artifact id: 'df7fcb272d50dbf4bcdf0726a35cb9e8') in 0.050888 seconds 
========================================================================
Received Import Request.
  Time since last request: 0.000020 seconds.
  path: Assets/WizardPolyArt/Animations/Attack01.fbx
  artifactKey: Guid(3f2f5660b185f02479d526fb256acbe4) Importer(815301076,1909f56bfc062723c751e8b465ee728b)
Start importing Assets/WizardPolyArt/Animations/Attack01.fbx using Guid(3f2f5660b185f02479d526fb256acbe4) Importer(815301076,1909f56bfc062723c751e8b465ee728b)  -> (artifact id: 'e217f30658f1cf8068605813a3188226') in 0.048856 seconds 
========================================================================
Received Import Request.
  Time since last request: 0.000023 seconds.
  path: Assets/WizardPolyArt/Animations/Idle02.fbx
  artifactKey: Guid(b66c3422f4986334c9ff55882cf84247) Importer(815301076,1909f56bfc062723c751e8b465ee728b)
Start importing Assets/WizardPolyArt/Animations/Idle02.fbx using Guid(b66c3422f4986334c9ff55882cf84247) Importer(815301076,1909f56bfc062723c751e8b465ee728b)  -> (artifact id: '5645c830e3e2ff622bba14b4f6d0b64b') in 0.046972 seconds 
========================================================================
Received Import Request.
  Time since last request: 0.000027 seconds.
  path: Assets/WizardPolyArt/Animations/BattleRunForward.fbx
  artifactKey: Guid(057ecc6c28778d141a1ce011ee4a6b22) Importer(815301076,1909f56bfc062723c751e8b465ee728b)
Start importing Assets/WizardPolyArt/Animations/BattleRunForward.fbx using Guid(057ecc6c28778d141a1ce011ee4a6b22) Importer(815301076,1909f56bfc062723c751e8b465ee728b)  -> (artifact id: '04d9aca25dc124816ffc475d12af25cb') in 0.049932 seconds 
========================================================================
Received Import Request.
  Time since last request: 0.000077 seconds.
  path: Assets/WizardPolyArt/Animations/JumpAir.fbx
  artifactKey: Guid(4c2b27c0e8327b840ab5f916209ba36a) Importer(815301076,1909f56bfc062723c751e8b465ee728b)
Start importing Assets/WizardPolyArt/Animations/JumpAir.fbx using Guid(4c2b27c0e8327b840ab5f916209ba36a) Importer(815301076,1909f56bfc062723c751e8b465ee728b)  -> (artifact id: '51032ae4c1b8b359706b37d2ae73ac04') in 0.046938 seconds 
========================================================================
Received Import Request.
  Time since last request: 0.000084 seconds.
  path: Assets/WizardPolyArt/Animations/GetHit.fbx
  artifactKey: Guid(2f592d5d1c1add446a8b3c2ff3f18a4e) Importer(815301076,1909f56bfc062723c751e8b465ee728b)
Start importing Assets/WizardPolyArt/Animations/GetHit.fbx using Guid(2f592d5d1c1add446a8b3c2ff3f18a4e) Importer(815301076,1909f56bfc062723c751e8b465ee728b)  -> (artifact id: 'e49863ddee4de824817dd4d823c5b1bd') in 0.048003 seconds 
========================================================================
Received Import Request.
  Time since last request: 0.000061 seconds.
  path: Assets/WizardPolyArt/Animations/VictoryMaintain.fbx
  artifactKey: Guid(b016241d6c755924faa72ef01f6917f3) Importer(815301076,1909f56bfc062723c751e8b465ee728b)
Start importing Assets/WizardPolyArt/Animations/VictoryMaintain.fbx using Guid(b016241d6c755924faa72ef01f6917f3) Importer(815301076,1909f56bfc062723c751e8b465ee728b)  -> (artifact id: 'd9780d4296e83503fcc6196589d86a98') in 0.049839 seconds 
========================================================================
Received Import Request.
  Time since last request: 0.000037 seconds.
  path: Assets/WizardPolyArt/Animations/DefendStart.fbx
  artifactKey: Guid(fee3c136e33beab44910227b8afc9d94) Importer(815301076,1909f56bfc062723c751e8b465ee728b)
Start importing Assets/WizardPolyArt/Animations/DefendStart.fbx using Guid(fee3c136e33beab44910227b8afc9d94) Importer(815301076,1909f56bfc062723c751e8b465ee728b)  -> (artifact id: 'f1ba5571bb6ddc37d2472a7fa97787de') in 0.046236 seconds 
========================================================================
Received Prepare
Registering precompiled user dll's ...
Registered in 0.008782 seconds.
Begin MonoManager ReloadAssembly
Symbol file LoadedFromMemory doesn't match image D:\hub\Unity\Project_MS\MonsterSwarm\Library\PackageCache\com.unity.visualscripting@1.7.8\Editor\VisualScripting.Core\Dependencies\YamlDotNet\Unity.VisualScripting.YamlDotNet.dll
Symbol file LoadedFromMemory doesn't match image D:\hub\Unity\Project_MS\MonsterSwarm\Library\PackageCache\com.unity.visualscripting@1.7.8\Editor\VisualScripting.Core\Dependencies\DotNetZip\Unity.VisualScripting.IonicZip.dll
Native extension for WindowsStandalone target not found
Native extension for Android target not found
Refreshing native plugins compatible for Editor in 2.38 ms, found 3 plugins.
Preloading 0 native plugins for Editor in 0.00 ms.
[ScriptCompilation] NOT recompiling all scripts because this is an import worker process. Reason to compile was: Define symbols changed
Mono: successfully reloaded assembly
- Completed reload, in  1.849 seconds
Domain Reload Profiling:
	ReloadAssembly (1850ms)
		BeginReloadAssembly (283ms)
			ExecutionOrderSort (0ms)
			DisableScriptedObjects (6ms)
			BackupInstance (0ms)
			ReleaseScriptingObjects (0ms)
			CreateAndSetChildDomain (79ms)
		EndReloadAssembly (1378ms)
			LoadAssemblies (192ms)
			RebuildTransferFunctionScriptingTraits (0ms)
			SetupTypeCache (381ms)
			ReleaseScriptCaches (2ms)
			RebuildScriptCaches (57ms)
			SetupLoadedEditorAssemblies (702ms)
				LogAssemblyErrors (0ms)
				InitializePlatformSupportModulesInManaged (38ms)
				SetLoadedEditorAssemblies (1ms)
				RefreshPlugins (3ms)
				BeforeProcessingInitializeOnLoad (269ms)
				ProcessInitializeOnLoadAttributes (323ms)
				ProcessInitializeOnLoadMethodAttributes (44ms)
				AfterProcessingInitializeOnLoad (25ms)
				EditorAssembliesLoaded (0ms)
			ExecutionOrderSort2 (0ms)
			AwakeInstancesAfterBackupRestoration (21ms)
Platform modules already initialized, skipping
Script is not up to date after domain reload: guid(b3cedb949dfc6b44aa88e1e82ba6471d) path("Assets/UnityTechnologies/EffectExamples/Shared/Scripts/DecalDestroyer.cs") state(2)
Script is not up to date after domain reload: guid(476cc7d7cd9874016adc216baab94a0a) path("Assets/UnityTechnologies/EffectExamples/TutorialInfo/Scripts/Editor/ReadmeEditor.cs") state(2)
Script is not up to date after domain reload: guid(89358996bc7cbbc43b28e289a31f88a3) path("Assets/UnityTechnologies/EffectExamples/Editor/PackageManagerAssembly/PackageManagerAssembly.dll") state(2)
Script is not up to date after domain reload: guid(01d79beb4399f964ea234855d877ee52) path("Assets/UnityTechnologies/EffectExamples/Shared/Scripts/ExtinguishableFire.cs") state(2)
Script is not up to date after domain reload: guid(3b87f472a8687453eac1a8091330b6d5) path("Assets/UnityTechnologies/EffectExamples/Shared/Scripts/ParticleMenu.cs") state(2)
Script is not up to date after domain reload: guid(fcf7219bab7fe46a1ad266029b2fee19) path("Assets/UnityTechnologies/EffectExamples/TutorialInfo/Scripts/Readme.cs") state(2)
Script is not up to date after domain reload: guid(1708b2ad8d149415d8ceffa3a0ae252f) path("Assets/UnityTechnologies/EffectExamples/Shared/Scripts/ParticleExamples.cs") state(2)
Script is not up to date after domain reload: guid(4c111b630ead2a349b4c4cbf7a810085) path("Assets/UnityTechnologies/EffectExamples/Shared/Scripts/ParticleCollision.cs") state(2)
Script is not up to date after domain reload: guid(422d8644426474cfd8b793ce3c107314) path("Assets/UnityTechnologies/EffectExamples/Shared/Scripts/GunShoot.cs") state(2)
Script is not up to date after domain reload: guid(c63d71560c10e473ebc409185edd2c8c) path("Assets/UnityTechnologies/EffectExamples/Shared/Scripts/GunAim.cs") state(2)
Refreshing native plugins compatible for Editor in 7.24 ms, found 3 plugins.
Preloading 0 native plugins for Editor in 0.00 ms.
Unloading 3503 Unused Serialized files (Serialized files now loaded: 0)
Unloading 57 unused Assets / (3.2 MB). Loaded Objects now: 3950.
Memory consumption went from 151.3 MB to 148.1 MB.
Total: 14.063200 ms (FindLiveObjects: 1.476300 ms CreateObjectMapping: 0.696600 ms MarkObjects: 8.568200 ms  DeleteObjects: 3.316200 ms)

AssetImportParameters requested are different than current active one (requested -> active):
  custom:video-decoder-ogg-theora: a1e56fd34408186e4bbccfd4996cb3dc -> 
  custom:container-muxer-webm: aa71ff27fc2769a1b78a27578f13a17b -> 
  custom:container-demuxer-webm: 4f35f7cbe854078d1ac9338744f61a02 -> 
  custom:video-encoder-webm-vp8: eb34c28f22e8b96e1ab97ce403110664 -> 
  custom:audio-encoder-webm-vorbis: bf7c407c2cedff20999df2af8eb42d56 -> 
  custom:framework-win-MediaFoundation: 216162199b28c13a410421893ffa2e32 -> 
  custom:container-demuxer-ogg: 62fdf1f143b41e24485cea50d1cbac27 -> 
  custom:video-decoder-webm-vp8: 9c59270c3fd7afecdb556c50c9e8de78 -> 
  custom:audio-decoder-ogg-vorbis: bf7c407c2cedff20999df2af8eb42d56 -> 
========================================================================
Received Prepare
Registering precompiled user dll's ...
Registered in 0.026038 seconds.
Begin MonoManager ReloadAssembly
Symbol file LoadedFromMemory doesn't match image D:\hub\Unity\Project_MS\MonsterSwarm\Library\PackageCache\com.unity.visualscripting@1.7.8\Editor\VisualScripting.Core\Dependencies\YamlDotNet\Unity.VisualScripting.YamlDotNet.dll
Symbol file LoadedFromMemory doesn't match image D:\hub\Unity\Project_MS\MonsterSwarm\Library\PackageCache\com.unity.visualscripting@1.7.8\Editor\VisualScripting.Core\Dependencies\DotNetZip\Unity.VisualScripting.IonicZip.dll
Native extension for WindowsStandalone target not found
Native extension for Android target not found
Refreshing native plugins compatible for Editor in 1.29 ms, found 3 plugins.
Preloading 0 native plugins for Editor in 0.00 ms.
[ScriptCompilation] NOT recompiling all scripts because this is an import worker process. Reason to compile was: Define symbols changed
Mono: successfully reloaded assembly
- Completed reload, in  4.870 seconds
Domain Reload Profiling:
	ReloadAssembly (4872ms)
		BeginReloadAssembly (641ms)
			ExecutionOrderSort (0ms)
			DisableScriptedObjects (13ms)
			BackupInstance (0ms)
			ReleaseScriptingObjects (0ms)
			CreateAndSetChildDomain (129ms)
		EndReloadAssembly (3897ms)
			LoadAssemblies (2536ms)
			RebuildTransferFunctionScriptingTraits (1ms)
			SetupTypeCache (837ms)
			ReleaseScriptCaches (8ms)
			RebuildScriptCaches (117ms)
			SetupLoadedEditorAssemblies (567ms)
				LogAssemblyErrors (0ms)
				InitializePlatformSupportModulesInManaged (37ms)
				SetLoadedEditorAssemblies (1ms)
				RefreshPlugins (1ms)
				BeforeProcessingInitializeOnLoad (107ms)
				ProcessInitializeOnLoadAttributes (357ms)
				ProcessInitializeOnLoadMethodAttributes (38ms)
				AfterProcessingInitializeOnLoad (25ms)
				EditorAssembliesLoaded (0ms)
			ExecutionOrderSort2 (0ms)
			AwakeInstancesAfterBackupRestoration (23ms)
Platform modules already initialized, skipping
Refreshing native plugins compatible for Editor in 3.71 ms, found 3 plugins.
Preloading 0 native plugins for Editor in 0.00 ms.
Unloading 3514 Unused Serialized files (Serialized files now loaded: 0)
Unloading 59 unused Assets / (3.5 MB). Loaded Objects now: 3962.
Memory consumption went from 151.9 MB to 148.4 MB.
Total: 21.938000 ms (FindLiveObjects: 0.453900 ms CreateObjectMapping: 0.342900 ms MarkObjects: 19.336100 ms  DeleteObjects: 1.802700 ms)

AssetImportParameters requested are different than current active one (requested -> active):
  custom:video-decoder-ogg-theora: a1e56fd34408186e4bbccfd4996cb3dc -> 
  custom:container-muxer-webm: aa71ff27fc2769a1b78a27578f13a17b -> 
  custom:container-demuxer-webm: 4f35f7cbe854078d1ac9338744f61a02 -> 
  custom:video-encoder-webm-vp8: eb34c28f22e8b96e1ab97ce403110664 -> 
  custom:audio-encoder-webm-vorbis: bf7c407c2cedff20999df2af8eb42d56 -> 
  custom:framework-win-MediaFoundation: 216162199b28c13a410421893ffa2e32 -> 
  custom:container-demuxer-ogg: 62fdf1f143b41e24485cea50d1cbac27 -> 
  custom:video-decoder-webm-vp8: 9c59270c3fd7afecdb556c50c9e8de78 -> 
  custom:audio-decoder-ogg-vorbis: bf7c407c2cedff20999df2af8eb42d56 -> 
========================================================================
Received Prepare
Registering precompiled user dll's ...
Registered in 0.009981 seconds.
Begin MonoManager ReloadAssembly
Symbol file LoadedFromMemory doesn't match image D:\hub\Unity\Project_MS\MonsterSwarm\Library\PackageCache\com.unity.visualscripting@1.7.8\Editor\VisualScripting.Core\Dependencies\YamlDotNet\Unity.VisualScripting.YamlDotNet.dll
Symbol file LoadedFromMemory doesn't match image D:\hub\Unity\Project_MS\MonsterSwarm\Library\PackageCache\com.unity.visualscripting@1.7.8\Editor\VisualScripting.Core\Dependencies\DotNetZip\Unity.VisualScripting.IonicZip.dll
Native extension for WindowsStandalone target not found
Native extension for Android target not found
Refreshing native plugins compatible for Editor in 0.80 ms, found 3 plugins.
Preloading 0 native plugins for Editor in 0.00 ms.
Mono: successfully reloaded assembly
- Completed reload, in  1.590 seconds
Domain Reload Profiling:
	ReloadAssembly (1591ms)
		BeginReloadAssembly (258ms)
			ExecutionOrderSort (0ms)
			DisableScriptedObjects (9ms)
			BackupInstance (0ms)
			ReleaseScriptingObjects (0ms)
			CreateAndSetChildDomain (50ms)
		EndReloadAssembly (1175ms)
			LoadAssemblies (210ms)
			RebuildTransferFunctionScriptingTraits (0ms)
			SetupTypeCache (366ms)
			ReleaseScriptCaches (2ms)
			RebuildScriptCaches (53ms)
			SetupLoadedEditorAssemblies (547ms)
				LogAssemblyErrors (0ms)
				InitializePlatformSupportModulesInManaged (48ms)
				SetLoadedEditorAssemblies (1ms)
				RefreshPlugins (1ms)
				BeforeProcessingInitializeOnLoad (103ms)
				ProcessInitializeOnLoadAttributes (323ms)
				ProcessInitializeOnLoadMethodAttributes (46ms)
				AfterProcessingInitializeOnLoad (26ms)
				EditorAssembliesLoaded (0ms)
			ExecutionOrderSort2 (0ms)
			AwakeInstancesAfterBackupRestoration (24ms)
Platform modules already initialized, skipping
Refreshing native plugins compatible for Editor in 10.49 ms, found 3 plugins.
Preloading 0 native plugins for Editor in 0.00 ms.
Unloading 3516 Unused Serialized files (Serialized files now loaded: 0)
Unloading 59 unused Assets / (3.5 MB). Loaded Objects now: 3967.
Memory consumption went from 152.0 MB to 148.5 MB.
Total: 11.238600 ms (FindLiveObjects: 2.545900 ms CreateObjectMapping: 1.059200 ms MarkObjects: 6.011400 ms  DeleteObjects: 1.620600 ms)

AssetImportParameters requested are different than current active one (requested -> active):
  custom:video-decoder-ogg-theora: a1e56fd34408186e4bbccfd4996cb3dc -> 
  custom:container-muxer-webm: aa71ff27fc2769a1b78a27578f13a17b -> 
  custom:container-demuxer-webm: 4f35f7cbe854078d1ac9338744f61a02 -> 
  custom:video-encoder-webm-vp8: eb34c28f22e8b96e1ab97ce403110664 -> 
  custom:audio-encoder-webm-vorbis: bf7c407c2cedff20999df2af8eb42d56 -> 
  custom:framework-win-MediaFoundation: 216162199b28c13a410421893ffa2e32 -> 
  custom:container-demuxer-ogg: 62fdf1f143b41e24485cea50d1cbac27 -> 
  custom:video-decoder-webm-vp8: 9c59270c3fd7afecdb556c50c9e8de78 -> 
  custom:audio-decoder-ogg-vorbis: bf7c407c2cedff20999df2af8eb42d56 -> 
